<?xml version="1.0" encoding="UTF-8"?>
<testng-results skipped="0" failed="0" ignored="0" total="4" passed="4">
  <reporter-output>
  </reporter-output>
  <suite name="Suite" duration-ms="46" started-at="2020-03-11T18:42:12 IST" finished-at="2020-03-11T18:42:12 IST">
    <groups>
    </groups>
    <test name="Test" duration-ms="46" started-at="2020-03-11T18:42:12 IST" finished-at="2020-03-11T18:42:12 IST">
      <class name="packone.day2">
        <test-method status="PASS" signature="f()[pri:0, instance:packone.day2@4fe3c938]" name="f" is-config="true" duration-ms="5" started-at="2020-03-11T18:42:12 IST" finished-at="2020-03-11T18:42:12 IST">
          <reporter-output>
          </reporter-output>
        </test-method> <!-- f -->
        <test-method status="PASS" signature="r()[pri:0, instance:packone.day2@4fe3c938]" name="r" is-config="true" duration-ms="0" started-at="2020-03-11T18:42:12 IST" finished-at="2020-03-11T18:42:12 IST">
          <reporter-output>
          </reporter-output>
        </test-method> <!-- r -->
        <test-method status="PASS" signature="d()[pri:0, instance:packone.day2@4fe3c938]" name="d" duration-ms="9" started-at="2020-03-11T18:42:12 IST" finished-at="2020-03-11T18:42:12 IST">
          <reporter-output>
          </reporter-output>
        </test-method> <!-- d -->
        <test-method status="PASS" signature="e()[pri:0, instance:packone.day2@4fe3c938]" name="e" duration-ms="2" started-at="2020-03-11T18:42:12 IST" finished-at="2020-03-11T18:42:12 IST">
          <reporter-output>
          </reporter-output>
        </test-method> <!-- e -->
      </class> <!-- packone.day2 -->
      <class name="packone.day1">
        <test-method status="PASS" signature="endd()[pri:0, instance:packone.day1@5383967b]" name="endd" is-config="true" duration-ms="6" started-at="2020-03-11T18:42:12 IST" finished-at="2020-03-11T18:42:12 IST">
          <reporter-output>
          </reporter-output>
        </test-method> <!-- endd -->
        <test-method status="PASS" signature="end()[pri:0, instance:packone.day1@5383967b]" name="end" is-config="true" duration-ms="0" started-at="2020-03-11T18:42:12 IST" finished-at="2020-03-11T18:42:12 IST">
          <reporter-output>
          </reporter-output>
        </test-method> <!-- end -->
        <test-method status="PASS" signature="demo()[pri:0, instance:packone.day1@5383967b]" name="demo" duration-ms="1" started-at="2020-03-11T18:42:12 IST" finished-at="2020-03-11T18:42:12 IST">
          <reporter-output>
          </reporter-output>
        </test-method> <!-- demo -->
        <test-method status="PASS" signature="start()[pri:0, instance:packone.day1@5383967b]" name="start" duration-ms="0" started-at="2020-03-11T18:42:12 IST" finished-at="2020-03-11T18:42:12 IST">
          <reporter-output>
          </reporter-output>
        </test-method> <!-- start -->
      </class> <!-- packone.day1 -->
    </test> <!-- Test -->
  </suite> <!-- Suite -->
</testng-results>
