<?xml version="1.0" encoding="UTF-8"?>
<testng-results skipped="0" failed="0" total="1" passed="1">
  <reporter-output>
  </reporter-output>
  <suite name="Default suite" duration-ms="20799" started-at="2020-03-16T14:26:28Z" finished-at="2020-03-16T14:26:49Z">
    <groups>
    </groups>
    <test name="Default test" duration-ms="20799" started-at="2020-03-16T14:26:28Z" finished-at="2020-03-16T14:26:49Z">
      <class name="TestNG.test1">
        <test-method status="PASS" signature="launchApp()[pri:0, instance:TestNG.test1@71e7a66b]" name="launchApp" is-config="true" duration-ms="16318" started-at="2020-03-16T19:56:28Z" finished-at="2020-03-16T19:56:44Z">
          <reporter-output>
          </reporter-output>
        </test-method> <!-- launchApp -->
        <test-method status="PASS" signature="test()[pri:0, instance:TestNG.test1@71e7a66b]" name="test" duration-ms="288" started-at="2020-03-16T19:56:44Z" finished-at="2020-03-16T19:56:45Z">
          <reporter-output>
          </reporter-output>
        </test-method> <!-- test -->
        <test-method status="PASS" signature="closeApp()[pri:0, instance:TestNG.test1@71e7a66b]" name="closeApp" is-config="true" duration-ms="4180" started-at="2020-03-16T19:56:45Z" finished-at="2020-03-16T19:56:49Z">
          <reporter-output>
          </reporter-output>
        </test-method> <!-- closeApp -->
      </class> <!-- TestNG.test1 -->
    </test> <!-- Default test -->
  </suite> <!-- Default suite -->
</testng-results>
