<?xml version="1.0" encoding="UTF-8"?>
<!-- Generated by org.testng.reporters.JUnitXMLReporter -->
<testsuite hostname="DESKTOP-HOUL31A" ignored="0" name="Test" tests="4" failures="0" timestamp="2020-03-11T18:42:12 IST" time="0.046" errors="0">
  <testcase name="d" time="0.009" classname="packone.day2"/>
  <testcase name="e" time="0.002" classname="packone.day2"/>
  <testcase name="demo" time="0.001" classname="packone.day1"/>
  <testcase name="start" time="0.0" classname="packone.day1"/>
</testsuite> <!-- Test -->
